Live reload server started on port: 35729
Press CTRL+C to quit ...

[0;36minfo:[0m 16 plugins are installed 
[0;36minfo:[0m 7 explicitly listed 
[0;36minfo:[0m loading plugin "livereload"... [0;32mOK[0m 
[0;36minfo:[0m loading plugin "highlight"... [0;32mOK[0m 
[0;36minfo:[0m loading plugin "search"... [0;32mOK[0m 
[0;36minfo:[0m loading plugin "lunr"... [0;32mOK[0m 
[0;36minfo:[0m loading plugin "sharing"... [0;32mOK[0m 
[0;36minfo:[0m loading plugin "fontsettings"... [0;32mOK[0m 
[0;36minfo:[0m loading plugin "theme-default"... [0;32mOK[0m 
[0;36minfo:[0m found 16 pages 
[0;36minfo:[0m found 5 asset files 
[0;36minfo:[0m [0;32m>> [0mgeneration finished with success in 3.1s ! 

Starting server ...
Serving book on http://localhost:4000
Live reload server started on port: 35729
Press CTRL+C to quit ...

[0;36minfo:[0m 16 plugins are installed 
[0;36minfo:[0m 7 explicitly listed 
[0;36minfo:[0m loading plugin "livereload"... [0;32mOK[0m 
[0;36minfo:[0m loading plugin "highlight"... [0;32mOK[0m 
[0;36minfo:[0m loading plugin "search"... [0;32mOK[0m 
[0;36minfo:[0m loading plugin "lunr"... [0;32mOK[0m 
[0;36minfo:[0m loading plugin "sharing"... [0;32mOK[0m 
[0;36minfo:[0m loading plugin "fontsettings"... [0;32mOK[0m 
[0;36minfo:[0m loading plugin "theme-default"... [0;32mOK[0m 
[0;36minfo:[0m found 18 pages 
[0;36minfo:[0m found 6 asset files 
[0;36minfo:[0m [0;32m>> [0mgeneration finished with success in 3.7s ! 

Starting server ...
Serving book on http://localhost:4000
Live reload server started on port: 35729
Press CTRL+C to quit ...

[0;36minfo:[0m 16 plugins are installed 
[0;36minfo:[0m 7 explicitly listed 
[0;36minfo:[0m loading plugin "livereload"... [0;32mOK[0m 
[0;36minfo:[0m loading plugin "highlight"... [0;32mOK[0m 
[0;36minfo:[0m loading plugin "search"... [0;32mOK[0m 
[0;36minfo:[0m loading plugin "lunr"... [0;32mOK[0m 
[0;36minfo:[0m loading plugin "sharing"... [0;32mOK[0m 
[0;36minfo:[0m loading plugin "fontsettings"... [0;32mOK[0m 
[0;36minfo:[0m loading plugin "theme-default"... [0;32mOK[0m 
[0;36minfo:[0m found 18 pages 
[0;36minfo:[0m found 6 asset files 
[0;36minfo:[0m [0;32m>> [0mgeneration finished with success in 3.8s ! 

Starting server ...
Serving book on http://localhost:4000
